mode: set
github.com/lep13/messaging-notification-service/auth/cognito.go:16.182,20.19 3 1
github.com/lep13/messaging-notification-service/auth/cognito.go:20.19,23.6 2 1
github.com/lep13/messaging-notification-service/auth/cognito.go:25.5,29.19 4 1
github.com/lep13/messaging-notification-service/auth/cognito.go:29.19,32.6 2 1
github.com/lep13/messaging-notification-service/auth/cognito.go:33.5,35.23 3 1
github.com/lep13/messaging-notification-service/auth/mocks.go:14.90,20.2 1 1
github.com/lep13/messaging-notification-service/auth/profile.go:16.63,18.16 2 1
github.com/lep13/messaging-notification-service/auth/profile.go:18.16,21.3 2 1
github.com/lep13/messaging-notification-service/auth/profile.go:22.2,24.38 2 1
github.com/lep13/messaging-notification-service/auth/profile.go:24.38,27.3 2 1
github.com/lep13/messaging-notification-service/auth/profile.go:29.2,31.16 3 1
github.com/lep13/messaging-notification-service/auth/profile.go:31.16,34.3 2 1
github.com/lep13/messaging-notification-service/auth/profile.go:36.2,36.36 1 1
github.com/lep13/messaging-notification-service/auth/profile.go:40.105,44.16 3 1
github.com/lep13/messaging-notification-service/auth/profile.go:44.16,47.3 2 1
github.com/lep13/messaging-notification-service/auth/profile.go:49.2,53.16 3 1
github.com/lep13/messaging-notification-service/auth/profile.go:53.16,56.3 2 1
github.com/lep13/messaging-notification-service/auth/profile.go:59.2,60.16 2 1
github.com/lep13/messaging-notification-service/auth/profile.go:60.16,63.3 2 0
github.com/lep13/messaging-notification-service/auth/profile.go:66.2,71.16 4 1
github.com/lep13/messaging-notification-service/auth/profile.go:71.16,74.3 2 0
github.com/lep13/messaging-notification-service/auth/profile.go:75.2,79.16 3 1
github.com/lep13/messaging-notification-service/auth/profile.go:79.16,82.3 2 1
github.com/lep13/messaging-notification-service/auth/profile.go:84.2,84.38 1 1
github.com/lep13/messaging-notification-service/auth/profile.go:84.38,87.3 2 1
github.com/lep13/messaging-notification-service/auth/profile.go:89.2,90.55 2 1
github.com/lep13/messaging-notification-service/auth/profile.go:90.55,93.3 2 1
github.com/lep13/messaging-notification-service/auth/profile.go:96.2,97.22 2 1
github.com/lep13/messaging-notification-service/database/mongodb.go:31.85,33.2 1 0
github.com/lep13/messaging-notification-service/database/mongodb.go:35.102,37.2 1 1
github.com/lep13/messaging-notification-service/database/mongodb.go:46.120,49.16 3 1
github.com/lep13/messaging-notification-service/database/mongodb.go:49.16,51.3 1 0
github.com/lep13/messaging-notification-service/database/mongodb.go:52.2,52.49 1 1
github.com/lep13/messaging-notification-service/database/mongodb.go:56.61,58.2 1 0
github.com/lep13/messaging-notification-service/database/mongodb.go:61.32,68.16 4 1
github.com/lep13/messaging-notification-service/database/mongodb.go:68.16,71.3 2 1
github.com/lep13/messaging-notification-service/database/mongodb.go:74.2,78.16 3 1
github.com/lep13/messaging-notification-service/database/mongodb.go:78.16,81.3 2 1
github.com/lep13/messaging-notification-service/database/mongodb.go:84.2,88.16 4 1
github.com/lep13/messaging-notification-service/database/mongodb.go:88.16,91.3 2 1
github.com/lep13/messaging-notification-service/database/mongodb.go:93.2,94.12 2 1
github.com/lep13/messaging-notification-service/database/mongodb.go:98.61,100.2 1 0
github.com/lep13/messaging-notification-service/kafka/consumer.go:27.49,32.26 3 1
github.com/lep13/messaging-notification-service/kafka/consumer.go:32.26,35.3 2 1
github.com/lep13/messaging-notification-service/kafka/consumer.go:36.2,41.16 4 1
github.com/lep13/messaging-notification-service/kafka/consumer.go:41.16,44.3 2 1
github.com/lep13/messaging-notification-service/kafka/consumer.go:46.2,59.16 9 1
github.com/lep13/messaging-notification-service/kafka/consumer.go:59.16,62.3 2 1
github.com/lep13/messaging-notification-service/kafka/consumer.go:63.2,63.15 1 1
github.com/lep13/messaging-notification-service/kafka/consumer.go:63.15,64.42 1 1
github.com/lep13/messaging-notification-service/kafka/consumer.go:64.42,66.4 1 1
github.com/lep13/messaging-notification-service/kafka/consumer.go:68.2,72.16 3 1
github.com/lep13/messaging-notification-service/kafka/consumer.go:72.16,75.3 2 1
github.com/lep13/messaging-notification-service/kafka/consumer.go:76.2,76.15 1 1
github.com/lep13/messaging-notification-service/kafka/consumer.go:76.15,77.51 1 1
github.com/lep13/messaging-notification-service/kafka/consumer.go:77.51,79.4 1 0
github.com/lep13/messaging-notification-service/kafka/consumer.go:81.2,84.49 2 1
github.com/lep13/messaging-notification-service/kafka/consumer.go:84.49,87.3 2 1
github.com/lep13/messaging-notification-service/kafka/consumer.go:88.2,91.83 2 0
github.com/lep13/messaging-notification-service/kafka/consumer.go:91.83,93.3 1 0
github.com/lep13/messaging-notification-service/kafka/consumer.go:96.2,96.124 1 0
github.com/lep13/messaging-notification-service/kafka/consumer.go:96.124,98.3 1 0
github.com/lep13/messaging-notification-service/kafka/consumer.go:101.2,101.6 1 0
github.com/lep13/messaging-notification-service/kafka/consumer.go:101.6,102.10 1 0
github.com/lep13/messaging-notification-service/kafka/consumer.go:103.46,105.83 2 0
github.com/lep13/messaging-notification-service/kafka/consumer.go:107.44,108.50 1 0
github.com/lep13/messaging-notification-service/kafka/consumer.go:114.216,118.26 3 1
github.com/lep13/messaging-notification-service/kafka/consumer.go:118.26,121.3 2 0
github.com/lep13/messaging-notification-service/kafka/consumer.go:123.2,125.16 3 1
github.com/lep13/messaging-notification-service/kafka/consumer.go:125.16,128.3 2 1
github.com/lep13/messaging-notification-service/kafka/consumer.go:130.2,140.16 5 1
github.com/lep13/messaging-notification-service/kafka/consumer.go:140.16,150.23 4 1
github.com/lep13/messaging-notification-service/kafka/consumer.go:150.23,152.4 1 0
github.com/lep13/messaging-notification-service/kafka/consumer.go:153.3,153.9 1 1
github.com/lep13/messaging-notification-service/kafka/consumer.go:156.2,163.16 3 1
github.com/lep13/messaging-notification-service/kafka/consumer.go:163.16,165.3 1 1
github.com/lep13/messaging-notification-service/kafka/consumer.go:169.42,173.23 3 1
github.com/lep13/messaging-notification-service/kafka/consumer.go:173.23,175.3 1 1
github.com/lep13/messaging-notification-service/kafka/consumer.go:177.2,181.3 1 1
github.com/lep13/messaging-notification-service/main.go:7.13,9.2 1 0
github.com/lep13/messaging-notification-service/cmd/mockserver/mockserver.go:22.84,24.63 2 1
github.com/lep13/messaging-notification-service/cmd/mockserver/mockserver.go:24.63,27.3 2 1
github.com/lep13/messaging-notification-service/cmd/mockserver/mockserver.go:29.2,34.54 5 1
github.com/lep13/messaging-notification-service/cmd/mockserver/mockserver.go:38.95,42.32 3 1
github.com/lep13/messaging-notification-service/cmd/mockserver/mockserver.go:42.32,45.3 2 1
github.com/lep13/messaging-notification-service/cmd/mockserver/mockserver.go:47.2,47.41 1 1
github.com/lep13/messaging-notification-service/cmd/mockserver/mockserver.go:47.41,50.3 2 1
github.com/lep13/messaging-notification-service/cmd/mockserver/mockserver.go:51.2,51.24 1 1
github.com/lep13/messaging-notification-service/cmd/mockserver/mockserver.go:55.52,56.6 1 1
github.com/lep13/messaging-notification-service/cmd/mockserver/mockserver.go:56.6,57.10 1 1
github.com/lep13/messaging-notification-service/cmd/mockserver/mockserver.go:58.36,60.31 2 1
github.com/lep13/messaging-notification-service/cmd/mockserver/mockserver.go:66.26,80.2 6 1
github.com/lep13/messaging-notification-service/cmd/mockserver/mockserver.go:82.13,83.38 1 0
github.com/lep13/messaging-notification-service/cmd/mockserver/mockserver.go:83.38,85.3 1 0
github.com/lep13/messaging-notification-service/cmd/runner/runner.go:24.35,28.16 3 1
github.com/lep13/messaging-notification-service/cmd/runner/runner.go:28.16,31.3 2 1
github.com/lep13/messaging-notification-service/cmd/runner/runner.go:33.2,34.24 2 1
github.com/lep13/messaging-notification-service/cmd/runner/runner.go:34.24,37.3 2 1
github.com/lep13/messaging-notification-service/cmd/runner/runner.go:40.2,41.16 2 1
github.com/lep13/messaging-notification-service/cmd/runner/runner.go:41.16,44.3 2 1
github.com/lep13/messaging-notification-service/cmd/runner/runner.go:45.2,49.16 3 1
github.com/lep13/messaging-notification-service/cmd/runner/runner.go:49.16,52.3 2 1
github.com/lep13/messaging-notification-service/cmd/runner/runner.go:54.2,58.16 3 1
github.com/lep13/messaging-notification-service/cmd/runner/runner.go:58.16,60.13 2 1
github.com/lep13/messaging-notification-service/cmd/runner/runner.go:64.2,65.96 1 0
github.com/lep13/messaging-notification-service/cmd/runner/runner.go:65.96,67.4 1 0
github.com/lep13/messaging-notification-service/cmd/runner/runner.go:69.75,71.4 1 0
github.com/lep13/messaging-notification-service/cmd/runner/runner.go:76.2,76.37 1 0
github.com/lep13/messaging-notification-service/cmd/runner/runner.go:79.19,86.75 2 0
github.com/lep13/messaging-notification-service/cmd/runner/runner.go:86.75,88.4 1 0
github.com/lep13/messaging-notification-service/cmd/runner/runner.go:91.2,91.11 1 0
github.com/lep13/messaging-notification-service/cmd/runner/runner.go:94.87,96.16 2 0
github.com/lep13/messaging-notification-service/cmd/runner/runner.go:96.16,98.3 1 0
github.com/lep13/messaging-notification-service/cmd/runner/runner.go:99.2,99.22 1 0
github.com/lep13/messaging-notification-service/secrets-manager/secrets.go:36.64,40.2 1 1
github.com/lep13/messaging-notification-service/secrets-manager/secrets.go:43.86,47.16 3 1
github.com/lep13/messaging-notification-service/secrets-manager/secrets.go:47.16,49.3 1 1
github.com/lep13/messaging-notification-service/secrets-manager/secrets.go:51.2,51.22 1 1
github.com/lep13/messaging-notification-service/secrets-manager/secrets.go:51.22,53.3 1 0
github.com/lep13/messaging-notification-service/secrets-manager/secrets.go:55.2,60.16 3 1
github.com/lep13/messaging-notification-service/secrets-manager/secrets.go:60.16,62.26 2 1
github.com/lep13/messaging-notification-service/secrets-manager/secrets.go:62.26,64.4 1 0
github.com/lep13/messaging-notification-service/secrets-manager/secrets.go:65.3,65.76 1 1
github.com/lep13/messaging-notification-service/secrets-manager/secrets.go:68.2,68.32 1 1
github.com/lep13/messaging-notification-service/secrets-manager/secrets.go:68.32,70.3 1 1
github.com/lep13/messaging-notification-service/secrets-manager/secrets.go:72.2,73.16 2 1
github.com/lep13/messaging-notification-service/secrets-manager/secrets.go:73.16,75.3 1 1
github.com/lep13/messaging-notification-service/secrets-manager/secrets.go:77.2,77.24 1 1
github.com/lep13/messaging-notification-service/services/notification.go:18.105,22.16 3 1
github.com/lep13/messaging-notification-service/services/notification.go:22.16,25.3 2 1
github.com/lep13/messaging-notification-service/services/notification.go:27.2,31.16 3 1
github.com/lep13/messaging-notification-service/services/notification.go:31.16,34.3 2 1
github.com/lep13/messaging-notification-service/services/notification.go:36.2,37.16 2 1
github.com/lep13/messaging-notification-service/services/notification.go:37.16,40.3 2 1
github.com/lep13/messaging-notification-service/services/notification.go:43.2,47.16 4 1
github.com/lep13/messaging-notification-service/services/notification.go:47.16,50.3 2 1
github.com/lep13/messaging-notification-service/services/notification.go:51.2,54.38 2 1
github.com/lep13/messaging-notification-service/services/notification.go:54.38,57.3 2 1
github.com/lep13/messaging-notification-service/services/notification.go:59.2,60.12 2 1
